[2022-12-28 14:59:50,973] [INFO] this is a fan [logger.py:41]
[2022-12-28 15:08:12,337] [INFO] this is a fan [inference.py:27]
[2022-12-28 15:08:12,509] [WARNING] Fusing layers...  [general.py:125]
[2022-12-28 15:08:13,407] [WARNING] YOLOv5l summary: 267 layers, 46108278 parameters, 0 gradients [general.py:125]
[2022-12-28 15:13:02,541] [INFO] this is a fan [inference.py:27]
[2022-12-28 15:13:02,686] [WARNING] Fusing layers...  [general.py:125]
[2022-12-28 15:13:03,529] [WARNING] YOLOv5l summary: 267 layers, 46108278 parameters, 0 gradients [general.py:125]
[2022-12-28 15:21:29,413] [WARNING] Fusing layers...  [general.py:125]
[2022-12-28 15:21:30,220] [WARNING] YOLOv5l summary: 267 layers, 46108278 parameters, 0 gradients [general.py:125]
[2022-12-28 15:21:30,225] [INFO] Now run model inference with thresh:0.1, iou_thresh:0.45 [inference.py:49]
[2022-12-28 15:21:30,883] [INFO] return the inference result in list:label, xmin, ymin, xmax, ymax, conf [inference.py:64]
[2022-12-28 15:28:02,807] [WARNING] Fusing layers...  [general.py:125]
[2022-12-28 15:28:03,659] [WARNING] YOLOv5l summary: 267 layers, 46108278 parameters, 0 gradients [general.py:125]
[2022-12-28 15:28:03,663] [INFO] Now run model inference with thresh:0.1, iou_thresh:0.45 [inference.py:49]
[2022-12-28 15:28:04,332] [INFO] return the inference123 result in list: label, xmin, ymin, xmax, ymax, conf [inference.py:64]
[2022-12-28 15:29:35,290] [WARNING] Fusing layers...  [general.py:125]
[2022-12-28 15:29:36,150] [WARNING] YOLOv5l summary: 267 layers, 46108278 parameters, 0 gradients [general.py:125]
[2022-12-28 15:29:36,169] [INFO] Now run model inference with thresh:0.1, iou_thresh:0.45 [inference.py:49]
[2022-12-28 15:31:17,026] [INFO] return the inference123 result in list: label, xmin, ymin, xmax, ymax, conf [inference.py:64]
[2022-12-28 15:32:07,201] [WARNING] Fusing layers...  [general.py:125]
[2022-12-28 15:32:08,117] [WARNING] YOLOv5l summary: 267 layers, 46108278 parameters, 0 gradients [general.py:125]
[2022-12-28 15:32:08,138] [INFO] Now run model inference with thresh:0.1, iou_thresh:0.45 [inference.py:49]
[2022-12-28 15:32:22,610] [INFO] return the inference123 result in list: label, xmin, ymin, xmax, ymax, conf [inference.py:64]
[2022-12-28 15:34:40,256] [WARNING] Fusing layers...  [general.py:125]
[2022-12-28 15:34:41,082] [WARNING] YOLOv5l summary: 267 layers, 46108278 parameters, 0 gradients [general.py:125]
[2022-12-28 15:34:41,087] [INFO] Now run model inference with thresh:0.1, iou_thresh:0.45 [inference.py:49]
[2022-12-28 15:34:41,754] [INFO] return the inference123 result in list: label, xmin, ymin, xmax, ymax, conf [inference.py:64]
[2022-12-28 15:35:23,937] [INFO] this is a fan [logger.py:41]
[2022-12-28 15:36:01,576] [WARNING] Fusing layers...  [general.py:125]
[2022-12-28 15:36:02,389] [WARNING] YOLOv5l summary: 267 layers, 46108278 parameters, 0 gradients [general.py:125]
[2022-12-28 15:36:02,393] [INFO] Now run model inference with thresh:0.1, iou_thresh:0.45 [inference.py:49]
[2022-12-28 15:36:03,045] [INFO] return the inference123 result in list: label, xmin, ymin, xmax, ymax, conf [inference.py:64]
[2022-12-28 15:37:07,508] [WARNING] Fusing layers...  [general.py:125]
[2022-12-28 15:37:08,332] [WARNING] YOLOv5l summary: 267 layers, 46108278 parameters, 0 gradients [general.py:125]
[2022-12-28 15:37:08,338] [INFO] Now run model inference with thresh:0.1, iou_thresh:0.45 [inference.py:49]
[2022-12-28 15:37:08,977] [INFO] return the inference123 result in list: label, xmin, ymin, xmax, ymax, conf [inference.py:64]
[2022-12-28 15:41:24,608] [WARNING] Fusing layers...  [general.py:125]
[2022-12-28 15:41:25,393] [WARNING] YOLOv5l summary: 267 layers, 46108278 parameters, 0 gradients [general.py:125]
[2022-12-28 15:41:25,397] [INFO] Now run model inference with thresh:0.1, iou_thresh:0.45 [inference.py:49]
[2022-12-28 15:41:26,048] [INFO] return the inference result in list: label, xmin, ymin, xmax, ymax, conf [inference.py:64]
[2022-12-28 15:42:17,262] [WARNING] Fusing layers...  [general.py:125]
[2022-12-28 15:42:18,111] [WARNING] YOLOv5l summary: 267 layers, 46108278 parameters, 0 gradients [general.py:125]
[2022-12-28 15:53:48,724] [INFO] Now run model inference with thresh:0.1, iou_thresh:0.45 [inference.py:49]
[2022-12-28 15:53:49,385] [INFO] return the inference result in list: label, xmin, ymin, xmax, ymax, conf [inference.py:64]
[2022-12-28 15:54:33,814] [WARNING] Fusing layers...  [general.py:125]
[2022-12-28 15:54:34,655] [WARNING] YOLOv5l summary: 267 layers, 46108278 parameters, 0 gradients [general.py:125]
[2022-12-28 15:55:24,376] [INFO] Now run model inference with thresh:0.1, iou_thresh:0.45 [inference.py:49]
[2022-12-28 15:56:58,137] [INFO] this is a fan [logger.py:41]
[2022-12-28 16:00:40,575] [WARNING] Fusing layers...  [general.py:125]
[2022-12-28 16:00:41,451] [WARNING] YOLOv5l summary: 267 layers, 46108278 parameters, 0 gradients [general.py:125]
[2022-12-28 16:00:41,462] [INFO] Now run model inference with thresh:0.1, iou_thresh:0.45 [inference.py:49]
[2022-12-28 16:00:42,165] [INFO] return the inference result in list: label, xmin, ymin, xmax, ymax, conf [inference.py:64]
[2022-12-28 16:57:53,887] [WARNING] Fusing layers...  [general.py:125]
[2022-12-28 16:57:54,674] [WARNING] YOLOv5l summary: 267 layers, 46108278 parameters, 0 gradients [general.py:125]
[2022-12-28 16:59:46,918] [WARNING] Fusing layers...  [general.py:125]
[2022-12-28 16:59:47,716] [WARNING] YOLOv5l summary: 267 layers, 46108278 parameters, 0 gradients [general.py:125]
[2022-12-28 17:00:25,865] [WARNING] Fusing layers...  [general.py:125]
[2022-12-28 17:00:26,662] [WARNING] YOLOv5l summary: 267 layers, 46108278 parameters, 0 gradients [general.py:125]
[2022-12-28 17:02:11,203] [WARNING] Fusing layers...  [general.py:125]
[2022-12-28 17:02:11,997] [WARNING] YOLOv5l summary: 267 layers, 46108278 parameters, 0 gradients [general.py:125]
[2022-12-28 17:02:12,025] [INFO] Now run model inference with thresh:0.1, iou_thresh:0.45 [inference.py:50]
[2022-12-28 17:08:43,345] [WARNING] Fusing layers...  [general.py:125]
[2022-12-28 17:08:44,146] [WARNING] YOLOv5l summary: 267 layers, 46108278 parameters, 0 gradients [general.py:125]
[2022-12-28 17:08:44,180] [INFO] Now run model inference with thresh:0.1, iou_thresh:0.45 [inference.py:48]
[2022-12-28 17:08:44,822] [INFO] return the inference result in list: label, xmin, ymin, xmax, ymax, conf [inference.py:62]
[2022-12-28 17:09:27,691] [WARNING] Fusing layers...  [general.py:125]
[2022-12-28 17:09:28,517] [WARNING] YOLOv5l summary: 267 layers, 46108278 parameters, 0 gradients [general.py:125]
[2022-12-28 17:09:28,551] [INFO] Now run model inference with thresh:0.1, iou_thresh:0.45 [inference.py:48]
[2022-12-28 17:09:29,187] [INFO] return the inference result in list: label, xmin, ymin, xmax, ymax, conf [inference.py:62]
