[2023-01-10 09:28:12,826] [WARNING] Fusing layers...  [general.py:125]
[2023-01-10 09:28:13,664] [WARNING] YOLOv5l summary: 267 layers, 46108278 parameters, 0 gradients [general.py:125]
[2023-01-10 09:30:08,876] [WARNING] Fusing layers...  [general.py:125]
[2023-01-10 09:30:09,633] [WARNING] YOLOv5l summary: 267 layers, 46108278 parameters, 0 gradients [general.py:125]
[2023-01-10 09:30:30,917] [WARNING] Fusing layers...  [general.py:125]
[2023-01-10 09:30:31,693] [WARNING] YOLOv5l summary: 267 layers, 46108278 parameters, 0 gradients [general.py:125]
[2023-01-10 09:30:32,321] [INFO] meter image detection with yolov5  ========================================= [meter_server_func1.py:44]
[2023-01-10 09:30:32,321] [INFO] input image shape        :(1080, 1920, 3) [meter_server_func1.py:45]
[2023-01-10 09:30:32,322] [INFO] yolov5 confidence thresh :0.1 [meter_server_func1.py:46]
[2023-01-10 09:30:32,322] [INFO] yolov5 iou_thresh        :0.45 [meter_server_func1.py:47]
[2023-01-10 09:30:32,324] [INFO] Now run model inference with thresh:0.1, iou_thresh:0.45 [inference.py:46]
[2023-01-10 09:30:32,939] [INFO] return the inference result in list: label, xmin, ymin, xmax, ymax, conf [inference.py:60]
[2023-01-10 09:30:32,946] [INFO] start meter pointer segment=========================== [meter_server_func1.py:64]
[2023-01-10 09:30:34,927] [INFO] return meter point vector in list [x, y]=============== [meter_server_func1.py:69]
[2023-01-10 10:16:46,674] [WARNING] Fusing layers...  [general.py:125]
[2023-01-10 10:16:47,454] [WARNING] YOLOv5l summary: 267 layers, 46108278 parameters, 0 gradients [general.py:125]
[2023-01-10 10:16:47,600] [WARNING] Fusing layers...  [general.py:125]
[2023-01-10 10:16:48,397] [WARNING] YOLOv5l summary: 267 layers, 46108278 parameters, 0 gradients [general.py:125]
[2023-01-10 10:16:48,995] [INFO] build grpc server,ip:0.0.0.0,port:5000,workers:4 [ioper_server.py:43]
[2023-01-10 10:16:49,005] [INFO] ================================objection detect server has been started============================ [ioper_server.py:50]
[2023-01-10 10:17:08,891] [INFO] meter image detection with yolov5  ========================================= [meter_server_func.py:44]
[2023-01-10 10:17:08,892] [INFO] input image shape        :(1080, 1920, 3) [meter_server_func.py:45]
[2023-01-10 10:17:08,892] [INFO] yolov5 confidence thresh :0.3 [meter_server_func.py:46]
[2023-01-10 10:17:08,892] [INFO] yolov5 iou_thresh        :0.5 [meter_server_func.py:47]
[2023-01-10 10:17:08,893] [INFO] Now run model inference with thresh:0.3, iou_thresh:0.5 [inference.py:46]
[2023-01-10 10:17:09,495] [INFO] return the inference result in list: label, xmin, ymin, xmax, ymax, conf [inference.py:60]
[2023-01-10 10:17:09,498] [INFO] start meter pointer segment=========================== [meter_server_func.py:65]
[2023-01-10 10:17:11,447] [INFO] return meter point vector in list [x, y]=============== [meter_server_func.py:82]
[2023-01-10 10:18:47,453] [INFO] meter image detection with yolov5  ========================================= [meter_server_func.py:44]
[2023-01-10 10:18:47,454] [INFO] input image shape        :(1080, 1920, 3) [meter_server_func.py:45]
[2023-01-10 10:18:47,454] [INFO] yolov5 confidence thresh :0.3 [meter_server_func.py:46]
[2023-01-10 10:18:47,454] [INFO] yolov5 iou_thresh        :0.5 [meter_server_func.py:47]
[2023-01-10 10:18:47,455] [INFO] Now run model inference with thresh:0.3, iou_thresh:0.5 [inference.py:46]
[2023-01-10 10:18:48,042] [INFO] return the inference result in list: label, xmin, ymin, xmax, ymax, conf [inference.py:60]
[2023-01-10 10:18:48,045] [INFO] start meter pointer segment=========================== [meter_server_func.py:65]
[2023-01-10 10:18:49,977] [INFO] return meter point vector in list [x, y]=============== [meter_server_func.py:82]
[2023-01-10 10:28:07,503] [INFO] meter image detection with yolov5  ========================================= [meter_server_func.py:44]
[2023-01-10 10:28:07,503] [INFO] input image shape        :(1080, 1920, 3) [meter_server_func.py:45]
[2023-01-10 10:28:07,503] [INFO] yolov5 confidence thresh :0.3 [meter_server_func.py:46]
[2023-01-10 10:28:07,503] [INFO] yolov5 iou_thresh        :0.5 [meter_server_func.py:47]
[2023-01-10 10:28:07,504] [INFO] Now run model inference with thresh:0.3, iou_thresh:0.5 [inference.py:46]
[2023-01-10 10:28:08,384] [INFO] return the inference result in list: label, xmin, ymin, xmax, ymax, conf [inference.py:60]
[2023-01-10 10:28:08,389] [INFO] start meter pointer segment=========================== [meter_server_func.py:65]
[2023-01-10 10:28:10,448] [INFO] start meter pointer segment=========================== [meter_server_func.py:65]
[2023-01-10 10:28:12,308] [INFO] start meter pointer segment=========================== [meter_server_func.py:65]
[2023-01-10 10:28:14,249] [INFO] start meter pointer segment=========================== [meter_server_func.py:65]
[2023-01-10 10:28:16,647] [INFO] return meter point vector in list [x, y]=============== [meter_server_func.py:82]
