[2022-12-30 08:44:31,178] [WARNING] Fusing layers...  [general.py:125]
[2022-12-30 08:44:31,961] [WARNING] YOLOv5l summary: 267 layers, 46108278 parameters, 0 gradients [general.py:125]
[2022-12-30 08:44:50,789] [WARNING] Fusing layers...  [general.py:125]
[2022-12-30 08:44:51,596] [WARNING] YOLOv5l summary: 267 layers, 46108278 parameters, 0 gradients [general.py:125]
[2022-12-30 08:45:54,716] [WARNING] Fusing layers...  [general.py:125]
[2022-12-30 08:45:55,510] [WARNING] YOLOv5l summary: 267 layers, 46108278 parameters, 0 gradients [general.py:125]
[2022-12-30 08:46:34,788] [WARNING] Fusing layers...  [general.py:125]
[2022-12-30 08:46:35,604] [WARNING] YOLOv5l summary: 267 layers, 46108278 parameters, 0 gradients [general.py:125]
[2022-12-30 08:47:43,472] [WARNING] Fusing layers...  [general.py:125]
[2022-12-30 08:47:44,313] [WARNING] YOLOv5l summary: 267 layers, 46108278 parameters, 0 gradients [general.py:125]
[2022-12-30 08:49:01,727] [WARNING] Fusing layers...  [general.py:125]
[2022-12-30 08:49:02,574] [WARNING] YOLOv5l summary: 267 layers, 46108278 parameters, 0 gradients [general.py:125]
[2022-12-30 08:50:03,828] [WARNING] Fusing layers...  [general.py:125]
[2022-12-30 08:50:04,701] [WARNING] YOLOv5l summary: 267 layers, 46108278 parameters, 0 gradients [general.py:125]
[2022-12-30 08:51:09,114] [WARNING] Fusing layers...  [general.py:125]
[2022-12-30 08:51:09,957] [WARNING] YOLOv5l summary: 267 layers, 46108278 parameters, 0 gradients [general.py:125]
[2022-12-30 08:51:09,984] [INFO] GetObjectDetectionFromImage request ========================================= [object_server_func1.py:40]
[2022-12-30 08:51:09,984] [INFO] input image shape       :(1080, 1920, 3) [object_server_func1.py:41]
[2022-12-30 08:51:09,984] [INFO] yolov5 confidence thresh:0.1 [object_server_func1.py:42]
[2022-12-30 08:51:09,984] [INFO] yolov5 iou_thresh       :0.45 [object_server_func1.py:43]
[2022-12-30 08:53:42,783] [WARNING] Fusing layers...  [general.py:125]
[2022-12-30 08:53:43,585] [WARNING] YOLOv5l summary: 267 layers, 46108278 parameters, 0 gradients [general.py:125]
[2022-12-30 08:53:43,613] [INFO] GetObjectDetectionFromImage request ========================================= [object_server_func1.py:40]
[2022-12-30 08:53:43,613] [INFO] input image shape       :(1080, 1920, 3) [object_server_func1.py:41]
[2022-12-30 08:53:43,613] [INFO] yolov5 confidence thresh:0.1 [object_server_func1.py:42]
[2022-12-30 08:53:43,613] [INFO] yolov5 iou_thresh       :0.45 [object_server_func1.py:43]
[2022-12-30 08:53:43,615] [INFO] Now run model inference with thresh:0.1, iou_thresh:0.45 [inference.py:46]
[2022-12-30 08:53:44,242] [INFO] return the inference result in list: label, xmin, ymin, xmax, ymax, conf [inference.py:60]
[2022-12-30 08:55:20,988] [WARNING] Fusing layers...  [general.py:125]
[2022-12-30 08:55:21,803] [WARNING] YOLOv5l summary: 267 layers, 46108278 parameters, 0 gradients [general.py:125]
[2022-12-30 08:55:21,810] [INFO] build grpc server,ip:0.0.0.0,port:5000,workers:4 [ioper_server.py:32]
[2022-12-30 08:55:21,812] [INFO] ================================objection detect server has been started============================ [ioper_server.py:39]
[2022-12-30 08:55:29,382] [INFO] GetObjectDetectionFromImage request ========================================= [object_server_func.py:39]
[2022-12-30 08:55:29,382] [INFO] input image shape       :(1080, 1920, 3) [object_server_func.py:40]
[2022-12-30 08:55:29,383] [INFO] yolov5 confidence thresh:0.3 [object_server_func.py:41]
[2022-12-30 08:55:29,383] [INFO] yolov5 iou_thresh       :0.5 [object_server_func.py:42]
[2022-12-30 08:55:29,384] [INFO] Now run model inference with thresh:0.3, iou_thresh:0.5 [inference.py:46]
[2022-12-30 08:55:30,035] [INFO] return the inference result in list: label, xmin, ymin, xmax, ymax, conf [inference.py:60]
[2022-12-30 08:56:38,123] [INFO] GetObjectDetectionFromImage request ========================================= [object_server_func.py:39]
[2022-12-30 08:56:38,124] [INFO] input image shape       :(1080, 1920, 3) [object_server_func.py:40]
[2022-12-30 08:56:38,124] [INFO] yolov5 confidence thresh:0.3 [object_server_func.py:41]
[2022-12-30 08:56:38,124] [INFO] yolov5 iou_thresh       :0.5 [object_server_func.py:42]
[2022-12-30 08:56:38,125] [INFO] Now run model inference with thresh:0.3, iou_thresh:0.5 [inference.py:46]
[2022-12-30 08:56:38,698] [INFO] return the inference result in list: label, xmin, ymin, xmax, ymax, conf [inference.py:60]
