[2023-01-09 09:35:16,701] [WARNING] Fusing layers...  [general.py:125]
[2023-01-09 09:35:17,538] [WARNING] YOLOv5l summary: 267 layers, 46108278 parameters, 0 gradients [general.py:125]
[2023-01-09 09:35:17,577] [INFO] meter image detection with yolov5  ========================================= [meter_server_func1.py:44]
[2023-01-09 09:35:17,577] [INFO] input image shape        :(1080, 1920, 3) [meter_server_func1.py:45]
[2023-01-09 09:35:17,578] [INFO] yolov5 confidence thresh :0.1 [meter_server_func1.py:46]
[2023-01-09 09:35:17,578] [INFO] yolov5 iou_thresh        :0.45 [meter_server_func1.py:47]
[2023-01-09 09:35:17,581] [INFO] Now run model inference with thresh:0.1, iou_thresh:0.45 [inference.py:46]
[2023-01-09 09:35:18,269] [INFO] return the inference result in list: label, xmin, ymin, xmax, ymax, conf [inference.py:60]
[2023-01-09 09:36:04,883] [WARNING] Fusing layers...  [general.py:125]
[2023-01-09 09:36:05,673] [WARNING] YOLOv5l summary: 267 layers, 46108278 parameters, 0 gradients [general.py:125]
[2023-01-09 09:36:05,701] [INFO] meter image detection with yolov5  ========================================= [meter_server_func1.py:44]
[2023-01-09 09:36:05,701] [INFO] input image shape        :(1080, 1920, 3) [meter_server_func1.py:45]
[2023-01-09 09:36:05,701] [INFO] yolov5 confidence thresh :0.1 [meter_server_func1.py:46]
[2023-01-09 09:36:05,701] [INFO] yolov5 iou_thresh        :0.45 [meter_server_func1.py:47]
[2023-01-09 09:36:05,703] [INFO] Now run model inference with thresh:0.1, iou_thresh:0.45 [inference.py:46]
[2023-01-09 09:36:06,338] [INFO] return the inference result in list: label, xmin, ymin, xmax, ymax, conf [inference.py:60]
[2023-01-09 10:01:51,450] [WARNING] Fusing layers...  [general.py:125]
[2023-01-09 10:01:52,261] [WARNING] YOLOv5l summary: 267 layers, 46108278 parameters, 0 gradients [general.py:125]
[2023-01-09 10:01:52,288] [INFO] meter image detection with yolov5  ========================================= [meter_server_func1.py:44]
[2023-01-09 10:01:52,288] [INFO] input image shape        :(1080, 1920, 3) [meter_server_func1.py:45]
[2023-01-09 10:01:52,288] [INFO] yolov5 confidence thresh :0.1 [meter_server_func1.py:46]
[2023-01-09 10:01:52,289] [INFO] yolov5 iou_thresh        :0.45 [meter_server_func1.py:47]
[2023-01-09 10:01:52,290] [INFO] Now run model inference with thresh:0.1, iou_thresh:0.45 [inference.py:46]
[2023-01-09 10:01:52,919] [INFO] return the inference result in list: label, xmin, ymin, xmax, ymax, conf [inference.py:60]
